2025-07-29 18:37:40 [main] INFO  c.phuong.ExpenseServiceApplication - Starting ExpenseServiceApplication using Java 21.0.8 with PID 16508 (F:\Spring Boot\expense-microservice\expense-service\build\classes\java\main started by Phuong in F:\Spring Boot\expense-microservice)
2025-07-29 18:37:40 [main] DEBUG c.phuong.ExpenseServiceApplication - Running with Spring Boot v3.5.3, Spring v6.2.8
2025-07-29 18:37:40 [main] INFO  c.phuong.ExpenseServiceApplication - No active profile set, falling back to 1 default profile: "default"
2025-07-29 18:37:42 [main] INFO  o.s.d.r.c.RepositoryConfigurationDelegate - Bootstrapping Spring Data JPA repositories in DEFAULT mode.
2025-07-29 18:37:42 [main] INFO  o.s.d.r.c.RepositoryConfigurationDelegate - Finished Spring Data repository scanning in 298 ms. Found 1 JPA repository interface.
2025-07-29 18:37:43 [main] INFO  o.s.cloud.context.scope.GenericScope - BeanFactory id=675ba646-a2bf-3bc7-b908-d01afc36d32f
2025-07-29 18:37:44 [main] INFO  o.s.b.w.e.tomcat.TomcatWebServer - Tomcat initialized with port 8081 (http)
2025-07-29 18:37:44 [main] INFO  o.a.catalina.core.StandardService - Starting service [Tomcat]
2025-07-29 18:37:44 [main] INFO  o.a.catalina.core.StandardEngine - Starting Servlet engine: [Apache Tomcat/10.1.42]
2025-07-29 18:37:44 [main] INFO  o.a.c.c.C.[Tomcat].[localhost].[/] - Initializing Spring embedded WebApplicationContext
2025-07-29 18:37:44 [main] INFO  o.s.b.w.s.c.ServletWebServerApplicationContext - Root WebApplicationContext: initialization completed in 4281 ms
2025-07-29 18:37:45 [main] INFO  o.h.jpa.internal.util.LogHelper - HHH000204: Processing PersistenceUnitInfo [name: default]
2025-07-29 18:37:45 [main] INFO  org.hibernate.Version - HHH000412: Hibernate ORM core version 6.6.18.Final
2025-07-29 18:37:45 [main] INFO  o.h.c.i.RegionFactoryInitiator - HHH000026: Second-level cache disabled
2025-07-29 18:37:48 [main] INFO  o.s.o.j.p.SpringPersistenceUnitInfo - No LoadTimeWeaver setup: ignoring JPA class transformer
2025-07-29 18:37:48 [main] INFO  com.zaxxer.hikari.HikariDataSource - HikariPool-1 - Starting...
2025-07-29 18:37:49 [main] INFO  com.zaxxer.hikari.pool.HikariPool - HikariPool-1 - Added connection com.mysql.cj.jdbc.ConnectionImpl@40105b39
2025-07-29 18:37:49 [main] INFO  com.zaxxer.hikari.HikariDataSource - HikariPool-1 - Start completed.
2025-07-29 18:37:50 [main] WARN  org.hibernate.dialect.Dialect - HHH000511: The 5.5.62 version for [org.hibernate.dialect.MySQLDialect] is no longer supported, hence certain features may not work properly. The minimum supported version is 8.0.0. Check the community dialects project for available legacy versions.
2025-07-29 18:37:50 [main] WARN  org.hibernate.orm.deprecation - HHH90000025: MySQLDialect does not need to be specified explicitly using 'hibernate.dialect' (remove the property setting and it will be selected by default)
2025-07-29 18:37:50 [main] INFO  o.hibernate.orm.connections.pooling - HHH10001005: Database info:
	Database JDBC URL [Connecting through datasource 'HikariDataSource (HikariPool-1)']
	Database driver: undefined/unknown
	Database version: 5.5.62
	Autocommit mode: undefined/unknown
	Isolation level: undefined/unknown
	Minimum pool size: undefined/unknown
	Maximum pool size: undefined/unknown
2025-07-29 18:37:51 [main] INFO  o.h.e.t.j.p.i.JtaPlatformInitiator - HHH000489: No JTA platform available (set 'hibernate.transaction.jta.platform' to enable JTA platform integration)
2025-07-29 18:37:52 [main] DEBUG org.hibernate.SQL - 
    create table app_user (
        id bigint not null auto_increment,
        full_name varchar(100) not null,
        password varchar(255) not null,
        role enum ('ADMIN','USER'),
        username varchar(50) not null,
        primary key (id)
    ) engine=InnoDB
2025-07-29 18:37:52 [main] DEBUG org.hibernate.SQL - 
    create table expense (
        id bigint not null auto_increment,
        account varchar(255),
        amount float(53) not null,
        category varchar(255),
        date date,
        expense_type integer not null,
        note varchar(255),
        user_id bigint,
        primary key (id)
    ) engine=InnoDB
2025-07-29 18:37:52 [main] DEBUG org.hibernate.SQL - 
    alter table app_user 
       drop index UK3k4cplvh82srueuttfkwnylq0
2025-07-29 18:37:52 [main] DEBUG org.hibernate.SQL - 
    alter table app_user 
       add constraint UK3k4cplvh82srueuttfkwnylq0 unique (username)
2025-07-29 18:37:52 [main] DEBUG org.hibernate.SQL - 
    alter table expense 
       add constraint FK18n87d1yx5s1pr35h5vy9gycr 
       foreign key (user_id) 
       references app_user (id)
2025-07-29 18:37:53 [main] INFO  o.s.o.j.LocalContainerEntityManagerFactoryBean - Initialized JPA EntityManagerFactory for persistence unit 'default'
2025-07-29 18:37:53 [main] INFO  o.s.d.j.r.query.QueryEnhancerFactory - Hibernate is in classpath; If applicable, HQL parser will be used.
2025-07-29 18:37:54 [main] WARN  o.s.b.w.s.c.AnnotationConfigServletWebServerApplicationContext - Exception encountered during context initialization - cancelling refresh attempt: org.springframework.beans.factory.UnsatisfiedDependencyException: Error creating bean with name 'asyncExpenseController' defined in file [F:\Spring Boot\expense-microservice\expense-service\build\classes\java\main\com\phuong\controller\AsyncExpenseController.class]: Unsatisfied dependency expressed through constructor parameter 0: Error creating bean with name 'asyncExpenseServiceImpl' defined in file [F:\Spring Boot\expense-microservice\expense-service\build\classes\java\main\com\phuong\service\impl\AsyncExpenseServiceImpl.class]: Unsatisfied dependency expressed through constructor parameter 0: Error creating bean with name 'expenseRepository' defined in com.phuong.repository.ExpenseRepository defined in @EnableJpaRepositories declared on JpaRepositoriesRegistrar.EnableJpaRepositoriesConfiguration: Could not create query for public abstract java.util.List com.phuong.repository.ExpenseRepository.findByUserIdAndDateBetweenOrderByDateDesc(java.lang.Long,java.time.LocalDateTime,java.time.LocalDateTime); Reason: At 1:66 and token 'BETWEEN', mismatched input 'BETWEEN', expecting one of the following tokens: <EOF>, ',', '[', '/', '||', '.', '*', ASC, BY, DAY, DESC, EPOCH, EXCEPT, FETCH, HOUR, INTERSECT, LIMIT, MINUTE, MONTH, NANOSECOND, NULLS, OFFSET, QUARTER, SECOND, UNION, WEEK, YEAR, '+', '-'; Bad HQL grammar [SELECT e FROM Expense e WHERE e.user.id = :userId ORDER BY e.date BETWEEN :startDate AND :endDate ORDER BY e.date DESC]
2025-07-29 18:37:54 [main] INFO  o.s.o.j.LocalContainerEntityManagerFactoryBean - Closing JPA EntityManagerFactory for persistence unit 'default'
2025-07-29 18:37:54 [main] INFO  com.zaxxer.hikari.HikariDataSource - HikariPool-1 - Shutdown initiated...
2025-07-29 18:37:54 [main] INFO  com.zaxxer.hikari.HikariDataSource - HikariPool-1 - Shutdown completed.
2025-07-29 18:37:54 [main] INFO  o.a.catalina.core.StandardService - Stopping service [Tomcat]
2025-07-29 18:37:54 [main] INFO  o.s.b.a.l.ConditionEvaluationReportLogger - 

Error starting ApplicationContext. To display the condition evaluation report re-run your application with 'debug' enabled.
2025-07-29 18:37:54 [main] ERROR o.s.boot.SpringApplication - Application run failed
org.springframework.beans.factory.UnsatisfiedDependencyException: Error creating bean with name 'asyncExpenseController' defined in file [F:\Spring Boot\expense-microservice\expense-service\build\classes\java\main\com\phuong\controller\AsyncExpenseController.class]: Unsatisfied dependency expressed through constructor parameter 0: Error creating bean with name 'asyncExpenseServiceImpl' defined in file [F:\Spring Boot\expense-microservice\expense-service\build\classes\java\main\com\phuong\service\impl\AsyncExpenseServiceImpl.class]: Unsatisfied dependency expressed through constructor parameter 0: Error creating bean with name 'expenseRepository' defined in com.phuong.repository.ExpenseRepository defined in @EnableJpaRepositories declared on JpaRepositoriesRegistrar.EnableJpaRepositoriesConfiguration: Could not create query for public abstract java.util.List com.phuong.repository.ExpenseRepository.findByUserIdAndDateBetweenOrderByDateDesc(java.lang.Long,java.time.LocalDateTime,java.time.LocalDateTime); Reason: At 1:66 and token 'BETWEEN', mismatched input 'BETWEEN', expecting one of the following tokens: <EOF>, ',', '[', '/', '||', '.', '*', ASC, BY, DAY, DESC, EPOCH, EXCEPT, FETCH, HOUR, INTERSECT, LIMIT, MINUTE, MONTH, NANOSECOND, NULLS, OFFSET, QUARTER, SECOND, UNION, WEEK, YEAR, '+', '-'; Bad HQL grammar [SELECT e FROM Expense e WHERE e.user.id = :userId ORDER BY e.date BETWEEN :startDate AND :endDate ORDER BY e.date DESC]
	at org.springframework.beans.factory.support.ConstructorResolver.createArgumentArray(ConstructorResolver.java:804)
	at org.springframework.beans.factory.support.ConstructorResolver.autowireConstructor(ConstructorResolver.java:240)
	at org.springframework.beans.factory.support.AbstractAutowireCapableBeanFactory.autowireConstructor(AbstractAutowireCapableBeanFactory.java:1395)
	at org.springframework.beans.factory.support.AbstractAutowireCapableBeanFactory.createBeanInstance(AbstractAutowireCapableBeanFactory.java:1232)
	at org.springframework.beans.factory.support.AbstractAutowireCapableBeanFactory.doCreateBean(AbstractAutowireCapableBeanFactory.java:569)
	at org.springframework.beans.factory.support.AbstractAutowireCapableBeanFactory.createBean(AbstractAutowireCapableBeanFactory.java:529)
	at org.springframework.beans.factory.support.AbstractBeanFactory.lambda$doGetBean$0(AbstractBeanFactory.java:339)
	at org.springframework.beans.factory.support.DefaultSingletonBeanRegistry.getSingleton(DefaultSingletonBeanRegistry.java:373)
	at org.springframework.beans.factory.support.AbstractBeanFactory.doGetBean(AbstractBeanFactory.java:337)
	at org.springframework.beans.factory.support.AbstractBeanFactory.getBean(AbstractBeanFactory.java:202)
	at org.springframework.beans.factory.support.DefaultListableBeanFactory.instantiateSingleton(DefaultListableBeanFactory.java:1222)
	at org.springframework.beans.factory.support.DefaultListableBeanFactory.preInstantiateSingleton(DefaultListableBeanFactory.java:1188)
	at org.springframework.beans.factory.support.DefaultListableBeanFactory.preInstantiateSingletons(DefaultListableBeanFactory.java:1123)
	at org.springframework.context.support.AbstractApplicationContext.finishBeanFactoryInitialization(AbstractApplicationContext.java:987)
	at org.springframework.context.support.AbstractApplicationContext.refresh(AbstractApplicationContext.java:627)
	at org.springframework.boot.web.servlet.context.ServletWebServerApplicationContext.refresh(ServletWebServerApplicationContext.java:146)
	at org.springframework.boot.SpringApplication.refresh(SpringApplication.java:752)
	at org.springframework.boot.SpringApplication.refreshContext(SpringApplication.java:439)
	at org.springframework.boot.SpringApplication.run(SpringApplication.java:318)
	at org.springframework.boot.SpringApplication.run(SpringApplication.java:1361)
	at org.springframework.boot.SpringApplication.run(SpringApplication.java:1350)
	at com.phuong.ExpenseServiceApplication.main(ExpenseServiceApplication.java:16)
Caused by: org.springframework.beans.factory.UnsatisfiedDependencyException: Error creating bean with name 'asyncExpenseServiceImpl' defined in file [F:\Spring Boot\expense-microservice\expense-service\build\classes\java\main\com\phuong\service\impl\AsyncExpenseServiceImpl.class]: Unsatisfied dependency expressed through constructor parameter 0: Error creating bean with name 'expenseRepository' defined in com.phuong.repository.ExpenseRepository defined in @EnableJpaRepositories declared on JpaRepositoriesRegistrar.EnableJpaRepositoriesConfiguration: Could not create query for public abstract java.util.List com.phuong.repository.ExpenseRepository.findByUserIdAndDateBetweenOrderByDateDesc(java.lang.Long,java.time.LocalDateTime,java.time.LocalDateTime); Reason: At 1:66 and token 'BETWEEN', mismatched input 'BETWEEN', expecting one of the following tokens: <EOF>, ',', '[', '/', '||', '.', '*', ASC, BY, DAY, DESC, EPOCH, EXCEPT, FETCH, HOUR, INTERSECT, LIMIT, MINUTE, MONTH, NANOSECOND, NULLS, OFFSET, QUARTER, SECOND, UNION, WEEK, YEAR, '+', '-'; Bad HQL grammar [SELECT e FROM Expense e WHERE e.user.id = :userId ORDER BY e.date BETWEEN :startDate AND :endDate ORDER BY e.date DESC]
	at org.springframework.beans.factory.support.ConstructorResolver.createArgumentArray(ConstructorResolver.java:804)
	at org.springframework.beans.factory.support.ConstructorResolver.autowireConstructor(ConstructorResolver.java:240)
	at org.springframework.beans.factory.support.AbstractAutowireCapableBeanFactory.autowireConstructor(AbstractAutowireCapableBeanFactory.java:1395)
	at org.springframework.beans.factory.support.AbstractAutowireCapableBeanFactory.createBeanInstance(AbstractAutowireCapableBeanFactory.java:1232)
	at org.springframework.beans.factory.support.AbstractAutowireCapableBeanFactory.doCreateBean(AbstractAutowireCapableBeanFactory.java:569)
	at org.springframework.beans.factory.support.AbstractAutowireCapableBeanFactory.createBean(AbstractAutowireCapableBeanFactory.java:529)
	at org.springframework.beans.factory.support.AbstractBeanFactory.lambda$doGetBean$0(AbstractBeanFactory.java:339)
	at org.springframework.beans.factory.support.DefaultSingletonBeanRegistry.getSingleton(DefaultSingletonBeanRegistry.java:373)
	at org.springframework.beans.factory.support.AbstractBeanFactory.doGetBean(AbstractBeanFactory.java:337)
	at org.springframework.beans.factory.support.AbstractBeanFactory.getBean(AbstractBeanFactory.java:202)
	at org.springframework.beans.factory.config.DependencyDescriptor.resolveCandidate(DependencyDescriptor.java:254)
	at org.springframework.beans.factory.support.DefaultListableBeanFactory.doResolveDependency(DefaultListableBeanFactory.java:1745)
	at org.springframework.beans.factory.support.DefaultListableBeanFactory.resolveDependency(DefaultListableBeanFactory.java:1628)
	at org.springframework.beans.factory.support.ConstructorResolver.resolveAutowiredArgument(ConstructorResolver.java:913)
	at org.springframework.beans.factory.support.ConstructorResolver.createArgumentArray(ConstructorResolver.java:791)
	... 21 common frames omitted
Caused by: org.springframework.beans.factory.BeanCreationException: Error creating bean with name 'expenseRepository' defined in com.phuong.repository.ExpenseRepository defined in @EnableJpaRepositories declared on JpaRepositoriesRegistrar.EnableJpaRepositoriesConfiguration: Could not create query for public abstract java.util.List com.phuong.repository.ExpenseRepository.findByUserIdAndDateBetweenOrderByDateDesc(java.lang.Long,java.time.LocalDateTime,java.time.LocalDateTime); Reason: At 1:66 and token 'BETWEEN', mismatched input 'BETWEEN', expecting one of the following tokens: <EOF>, ',', '[', '/', '||', '.', '*', ASC, BY, DAY, DESC, EPOCH, EXCEPT, FETCH, HOUR, INTERSECT, LIMIT, MINUTE, MONTH, NANOSECOND, NULLS, OFFSET, QUARTER, SECOND, UNION, WEEK, YEAR, '+', '-'; Bad HQL grammar [SELECT e FROM Expense e WHERE e.user.id = :userId ORDER BY e.date BETWEEN :startDate AND :endDate ORDER BY e.date DESC]
	at org.springframework.beans.factory.support.AbstractAutowireCapableBeanFactory.initializeBean(AbstractAutowireCapableBeanFactory.java:1826)
	at org.springframework.beans.factory.support.AbstractAutowireCapableBeanFactory.doCreateBean(AbstractAutowireCapableBeanFactory.java:607)
	at org.springframework.beans.factory.support.AbstractAutowireCapableBeanFactory.createBean(AbstractAutowireCapableBeanFactory.java:529)
	at org.springframework.beans.factory.support.AbstractBeanFactory.lambda$doGetBean$0(AbstractBeanFactory.java:339)
	at org.springframework.beans.factory.support.DefaultSingletonBeanRegistry.getSingleton(DefaultSingletonBeanRegistry.java:373)
	at org.springframework.beans.factory.support.AbstractBeanFactory.doGetBean(AbstractBeanFactory.java:337)
	at org.springframework.beans.factory.support.AbstractBeanFactory.getBean(AbstractBeanFactory.java:202)
	at org.springframework.beans.factory.support.DefaultListableBeanFactory.doResolveDependency(DefaultListableBeanFactory.java:1683)
	at org.springframework.beans.factory.support.DefaultListableBeanFactory.resolveDependency(DefaultListableBeanFactory.java:1628)
	at org.springframework.beans.factory.support.ConstructorResolver.resolveAutowiredArgument(ConstructorResolver.java:913)
	at org.springframework.beans.factory.support.ConstructorResolver.createArgumentArray(ConstructorResolver.java:791)
	... 35 common frames omitted
Caused by: org.springframework.data.repository.query.QueryCreationException: Could not create query for public abstract java.util.List com.phuong.repository.ExpenseRepository.findByUserIdAndDateBetweenOrderByDateDesc(java.lang.Long,java.time.LocalDateTime,java.time.LocalDateTime); Reason: At 1:66 and token 'BETWEEN', mismatched input 'BETWEEN', expecting one of the following tokens: <EOF>, ',', '[', '/', '||', '.', '*', ASC, BY, DAY, DESC, EPOCH, EXCEPT, FETCH, HOUR, INTERSECT, LIMIT, MINUTE, MONTH, NANOSECOND, NULLS, OFFSET, QUARTER, SECOND, UNION, WEEK, YEAR, '+', '-'; Bad HQL grammar [SELECT e FROM Expense e WHERE e.user.id = :userId ORDER BY e.date BETWEEN :startDate AND :endDate ORDER BY e.date DESC]
	at org.springframework.data.repository.query.QueryCreationException.create(QueryCreationException.java:101)
	at org.springframework.data.repository.core.support.QueryExecutorMethodInterceptor.lookupQuery(QueryExecutorMethodInterceptor.java:120)
	at org.springframework.data.repository.core.support.QueryExecutorMethodInterceptor.mapMethodsToQuery(QueryExecutorMethodInterceptor.java:104)
	at org.springframework.data.repository.core.support.QueryExecutorMethodInterceptor.lambda$new$0(QueryExecutorMethodInterceptor.java:92)
	at java.base/java.util.Optional.map(Optional.java:260)
	at org.springframework.data.repository.core.support.QueryExecutorMethodInterceptor.<init>(QueryExecutorMethodInterceptor.java:92)
	at org.springframework.data.repository.core.support.RepositoryFactorySupport.getRepository(RepositoryFactorySupport.java:434)
	at org.springframework.data.repository.core.support.RepositoryFactoryBeanSupport.lambda$afterPropertiesSet$4(RepositoryFactoryBeanSupport.java:350)
	at org.springframework.data.util.Lazy.getNullable(Lazy.java:135)
	at org.springframework.data.util.Lazy.get(Lazy.java:113)
	at org.springframework.data.repository.core.support.RepositoryFactoryBeanSupport.afterPropertiesSet(RepositoryFactoryBeanSupport.java:356)
	at org.springframework.data.jpa.repository.support.JpaRepositoryFactoryBean.afterPropertiesSet(JpaRepositoryFactoryBean.java:132)
	at org.springframework.beans.factory.support.AbstractAutowireCapableBeanFactory.invokeInitMethods(AbstractAutowireCapableBeanFactory.java:1873)
	at org.springframework.beans.factory.support.AbstractAutowireCapableBeanFactory.initializeBean(AbstractAutowireCapableBeanFactory.java:1822)
	... 45 common frames omitted
Caused by: org.springframework.data.jpa.repository.query.BadJpqlGrammarException: At 1:66 and token 'BETWEEN', mismatched input 'BETWEEN', expecting one of the following tokens: <EOF>, ',', '[', '/', '||', '.', '*', ASC, BY, DAY, DESC, EPOCH, EXCEPT, FETCH, HOUR, INTERSECT, LIMIT, MINUTE, MONTH, NANOSECOND, NULLS, OFFSET, QUARTER, SECOND, UNION, WEEK, YEAR, '+', '-'; Bad HQL grammar [SELECT e FROM Expense e WHERE e.user.id = :userId ORDER BY e.date BETWEEN :startDate AND :endDate ORDER BY e.date DESC]
	at org.springframework.data.jpa.repository.query.BadJpqlGrammarErrorListener.syntaxError(BadJpqlGrammarErrorListener.java:53)
	at org.antlr.v4.runtime.ProxyErrorListener.syntaxError(ProxyErrorListener.java:41)
	at org.antlr.v4.runtime.Parser.notifyErrorListeners(Parser.java:544)
	at org.antlr.v4.runtime.DefaultErrorStrategy.reportInputMismatch(DefaultErrorStrategy.java:327)
	at org.antlr.v4.runtime.DefaultErrorStrategy.reportError(DefaultErrorStrategy.java:139)
	at org.springframework.data.jpa.repository.query.HqlParser.start(HqlParser.java:346)
	at org.springframework.data.jpa.repository.query.JpaQueryEnhancer.parse(JpaQueryEnhancer.java:104)
	at org.springframework.data.jpa.repository.query.JpaQueryEnhancer$HqlQueryParser.<init>(JpaQueryEnhancer.java:319)
	at org.springframework.data.jpa.repository.query.JpaQueryEnhancer$HqlQueryParser.parseQuery(JpaQueryEnhancer.java:331)
	at org.springframework.data.jpa.repository.query.JpaQueryEnhancer.forHql(JpaQueryEnhancer.java:167)
	at org.springframework.data.jpa.repository.query.QueryEnhancerFactory.forQuery(QueryEnhancerFactory.java:68)
	at org.springframework.data.jpa.repository.query.StringQuery.<init>(StringQuery.java:100)
	at org.springframework.data.jpa.repository.query.StringQuery.<init>(StringQuery.java:79)
	at org.springframework.data.jpa.repository.query.ExpressionBasedStringQuery.<init>(ExpressionBasedStringQuery.java:65)
	at org.springframework.data.jpa.repository.query.AbstractStringBasedJpaQuery.<init>(AbstractStringBasedJpaQuery.java:87)
	at org.springframework.data.jpa.repository.query.SimpleJpaQuery.<init>(SimpleJpaQuery.java:65)
	at org.springframework.data.jpa.repository.query.JpaQueryFactory.fromMethodWithQueryString(JpaQueryFactory.java:49)
	at org.springframework.data.jpa.repository.query.JpaQueryLookupStrategy$DeclaredQueryLookupStrategy.resolveQuery(JpaQueryLookupStrategy.java:174)
	at org.springframework.data.jpa.repository.query.JpaQueryLookupStrategy$CreateIfNotFoundQueryLookupStrategy.resolveQuery(JpaQueryLookupStrategy.java:254)
	at org.springframework.data.jpa.repository.query.JpaQueryLookupStrategy$AbstractQueryLookupStrategy.resolveQuery(JpaQueryLookupStrategy.java:99)
	at org.springframework.data.repository.core.support.QueryExecutorMethodInterceptor.lookupQuery(QueryExecutorMethodInterceptor.java:116)
	... 57 common frames omitted
2025-07-29 18:41:49 [main] INFO  c.phuong.ExpenseServiceApplication - Starting ExpenseServiceApplication using Java 21.0.8 with PID 12064 (F:\Spring Boot\expense-microservice\expense-service\build\classes\java\main started by Phuong in F:\Spring Boot\expense-microservice)
2025-07-29 18:41:49 [main] DEBUG c.phuong.ExpenseServiceApplication - Running with Spring Boot v3.5.3, Spring v6.2.8
2025-07-29 18:41:49 [main] INFO  c.phuong.ExpenseServiceApplication - No active profile set, falling back to 1 default profile: "default"
2025-07-29 18:41:51 [main] INFO  o.s.d.r.c.RepositoryConfigurationDelegate - Bootstrapping Spring Data JPA repositories in DEFAULT mode.
2025-07-29 18:41:52 [main] INFO  o.s.d.r.c.RepositoryConfigurationDelegate - Finished Spring Data repository scanning in 226 ms. Found 1 JPA repository interface.
2025-07-29 18:41:52 [main] INFO  o.s.cloud.context.scope.GenericScope - BeanFactory id=675ba646-a2bf-3bc7-b908-d01afc36d32f
2025-07-29 18:41:53 [main] INFO  o.s.b.w.e.tomcat.TomcatWebServer - Tomcat initialized with port 8081 (http)
2025-07-29 18:41:53 [main] INFO  o.a.catalina.core.StandardService - Starting service [Tomcat]
2025-07-29 18:41:53 [main] INFO  o.a.catalina.core.StandardEngine - Starting Servlet engine: [Apache Tomcat/10.1.42]
2025-07-29 18:41:53 [main] INFO  o.a.c.c.C.[Tomcat].[localhost].[/] - Initializing Spring embedded WebApplicationContext
2025-07-29 18:41:53 [main] INFO  o.s.b.w.s.c.ServletWebServerApplicationContext - Root WebApplicationContext: initialization completed in 3643 ms
2025-07-29 18:41:53 [main] INFO  o.h.jpa.internal.util.LogHelper - HHH000204: Processing PersistenceUnitInfo [name: default]
2025-07-29 18:41:54 [main] INFO  org.hibernate.Version - HHH000412: Hibernate ORM core version 6.6.18.Final
2025-07-29 18:41:54 [main] INFO  o.h.c.i.RegionFactoryInitiator - HHH000026: Second-level cache disabled
2025-07-29 18:41:54 [main] INFO  o.s.o.j.p.SpringPersistenceUnitInfo - No LoadTimeWeaver setup: ignoring JPA class transformer
2025-07-29 18:41:54 [main] INFO  com.zaxxer.hikari.HikariDataSource - HikariPool-1 - Starting...
2025-07-29 18:41:56 [main] INFO  com.zaxxer.hikari.pool.HikariPool - HikariPool-1 - Added connection com.mysql.cj.jdbc.ConnectionImpl@162e29a1
2025-07-29 18:41:56 [main] INFO  com.zaxxer.hikari.HikariDataSource - HikariPool-1 - Start completed.
2025-07-29 18:41:56 [main] WARN  org.hibernate.dialect.Dialect - HHH000511: The 5.5.62 version for [org.hibernate.dialect.MySQLDialect] is no longer supported, hence certain features may not work properly. The minimum supported version is 8.0.0. Check the community dialects project for available legacy versions.
2025-07-29 18:41:56 [main] WARN  org.hibernate.orm.deprecation - HHH90000025: MySQLDialect does not need to be specified explicitly using 'hibernate.dialect' (remove the property setting and it will be selected by default)
2025-07-29 18:41:56 [main] INFO  o.hibernate.orm.connections.pooling - HHH10001005: Database info:
	Database JDBC URL [Connecting through datasource 'HikariDataSource (HikariPool-1)']
	Database driver: undefined/unknown
	Database version: 5.5.62
	Autocommit mode: undefined/unknown
	Isolation level: undefined/unknown
	Minimum pool size: undefined/unknown
	Maximum pool size: undefined/unknown
2025-07-29 18:41:57 [main] INFO  o.h.e.t.j.p.i.JtaPlatformInitiator - HHH000489: No JTA platform available (set 'hibernate.transaction.jta.platform' to enable JTA platform integration)
2025-07-29 18:41:58 [main] INFO  o.s.o.j.LocalContainerEntityManagerFactoryBean - Initialized JPA EntityManagerFactory for persistence unit 'default'
2025-07-29 18:41:58 [main] INFO  o.s.d.j.r.query.QueryEnhancerFactory - Hibernate is in classpath; If applicable, HQL parser will be used.
2025-07-29 18:42:00 [main] INFO  com.phuong.config.AsyncConfig - Initialized general task executor with core pool size 5, max pool size: 20
2025-07-29 18:42:00 [main] INFO  com.phuong.config.AsyncConfig - Initialized heavy task executor with core pool size 2, max pool size: 10
2025-07-29 18:42:00 [main] INFO  com.phuong.config.AsyncConfig - Initialized external task executor with core pool size 3, max pool size: 15
2025-07-29 18:42:00 [main] WARN  o.s.b.a.o.j.JpaBaseConfiguration$JpaWebConfiguration - spring.jpa.open-in-view is enabled by default. Therefore, database queries may be performed during view rendering. Explicitly configure spring.jpa.open-in-view to disable this warning
2025-07-29 18:42:00 [main] WARN  o.s.b.w.s.c.AnnotationConfigServletWebServerApplicationContext - Exception encountered during context initialization - cancelling refresh attempt: org.springframework.beans.factory.BeanCreationException: Error creating bean with name 'requestMappingHandlerMapping' defined in class path resource [org/springframework/boot/autoconfigure/web/servlet/WebMvcAutoConfiguration$EnableWebMvcConfiguration.class]: Ambiguous mapping. Cannot map 'asyncExpenseController' method 
com.phuong.controller.AsyncExpenseController#generateCategoryReport(Long, LocalDate, LocalDate)
to {GET [/api/v1/expenses/user/{userId}/summary]}: There is already 'asyncExpenseController' bean method
com.phuong.controller.AsyncExpenseController#getExpenseSummary(Long, LocalDate, LocalDate) mapped.
2025-07-29 18:42:00 [main] INFO  o.s.o.j.LocalContainerEntityManagerFactoryBean - Closing JPA EntityManagerFactory for persistence unit 'default'
2025-07-29 18:42:00 [main] INFO  com.zaxxer.hikari.HikariDataSource - HikariPool-1 - Shutdown initiated...
2025-07-29 18:42:00 [main] INFO  com.zaxxer.hikari.HikariDataSource - HikariPool-1 - Shutdown completed.
2025-07-29 18:42:00 [main] INFO  o.a.catalina.core.StandardService - Stopping service [Tomcat]
2025-07-29 18:42:00 [main] INFO  o.s.b.a.l.ConditionEvaluationReportLogger - 

Error starting ApplicationContext. To display the condition evaluation report re-run your application with 'debug' enabled.
2025-07-29 18:42:00 [main] ERROR o.s.boot.SpringApplication - Application run failed
org.springframework.beans.factory.BeanCreationException: Error creating bean with name 'requestMappingHandlerMapping' defined in class path resource [org/springframework/boot/autoconfigure/web/servlet/WebMvcAutoConfiguration$EnableWebMvcConfiguration.class]: Ambiguous mapping. Cannot map 'asyncExpenseController' method 
com.phuong.controller.AsyncExpenseController#generateCategoryReport(Long, LocalDate, LocalDate)
to {GET [/api/v1/expenses/user/{userId}/summary]}: There is already 'asyncExpenseController' bean method
com.phuong.controller.AsyncExpenseController#getExpenseSummary(Long, LocalDate, LocalDate) mapped.
	at org.springframework.beans.factory.support.AbstractAutowireCapableBeanFactory.initializeBean(AbstractAutowireCapableBeanFactory.java:1826)
	at org.springframework.beans.factory.support.AbstractAutowireCapableBeanFactory.doCreateBean(AbstractAutowireCapableBeanFactory.java:607)
	at org.springframework.beans.factory.support.AbstractAutowireCapableBeanFactory.createBean(AbstractAutowireCapableBeanFactory.java:529)
	at org.springframework.beans.factory.support.AbstractBeanFactory.lambda$doGetBean$0(AbstractBeanFactory.java:339)
	at org.springframework.beans.factory.support.DefaultSingletonBeanRegistry.getSingleton(DefaultSingletonBeanRegistry.java:373)
	at org.springframework.beans.factory.support.AbstractBeanFactory.doGetBean(AbstractBeanFactory.java:337)
	at org.springframework.beans.factory.support.AbstractBeanFactory.getBean(AbstractBeanFactory.java:202)
	at org.springframework.beans.factory.support.DefaultListableBeanFactory.instantiateSingleton(DefaultListableBeanFactory.java:1222)
	at org.springframework.beans.factory.support.DefaultListableBeanFactory.preInstantiateSingleton(DefaultListableBeanFactory.java:1188)
	at org.springframework.beans.factory.support.DefaultListableBeanFactory.preInstantiateSingletons(DefaultListableBeanFactory.java:1123)
	at org.springframework.context.support.AbstractApplicationContext.finishBeanFactoryInitialization(AbstractApplicationContext.java:987)
	at org.springframework.context.support.AbstractApplicationContext.refresh(AbstractApplicationContext.java:627)
	at org.springframework.boot.web.servlet.context.ServletWebServerApplicationContext.refresh(ServletWebServerApplicationContext.java:146)
	at org.springframework.boot.SpringApplication.refresh(SpringApplication.java:752)
	at org.springframework.boot.SpringApplication.refreshContext(SpringApplication.java:439)
	at org.springframework.boot.SpringApplication.run(SpringApplication.java:318)
	at org.springframework.boot.SpringApplication.run(SpringApplication.java:1361)
	at org.springframework.boot.SpringApplication.run(SpringApplication.java:1350)
	at com.phuong.ExpenseServiceApplication.main(ExpenseServiceApplication.java:16)
Caused by: java.lang.IllegalStateException: Ambiguous mapping. Cannot map 'asyncExpenseController' method 
com.phuong.controller.AsyncExpenseController#generateCategoryReport(Long, LocalDate, LocalDate)
to {GET [/api/v1/expenses/user/{userId}/summary]}: There is already 'asyncExpenseController' bean method
com.phuong.controller.AsyncExpenseController#getExpenseSummary(Long, LocalDate, LocalDate) mapped.
	at org.springframework.web.servlet.handler.AbstractHandlerMethodMapping$MappingRegistry.validateMethodMapping(AbstractHandlerMethodMapping.java:676)
	at org.springframework.web.servlet.handler.AbstractHandlerMethodMapping$MappingRegistry.register(AbstractHandlerMethodMapping.java:637)
	at org.springframework.web.servlet.handler.AbstractHandlerMethodMapping.registerHandlerMethod(AbstractHandlerMethodMapping.java:331)
	at org.springframework.web.servlet.mvc.method.annotation.RequestMappingHandlerMapping.registerHandlerMethod(RequestMappingHandlerMapping.java:507)
	at org.springframework.web.servlet.mvc.method.annotation.RequestMappingHandlerMapping.registerHandlerMethod(RequestMappingHandlerMapping.java:84)
	at org.springframework.web.servlet.handler.AbstractHandlerMethodMapping.lambda$detectHandlerMethods$2(AbstractHandlerMethodMapping.java:298)
	at java.base/java.util.LinkedHashMap.forEach(LinkedHashMap.java:986)
	at org.springframework.web.servlet.handler.AbstractHandlerMethodMapping.detectHandlerMethods(AbstractHandlerMethodMapping.java:296)
	at org.springframework.web.servlet.handler.AbstractHandlerMethodMapping.processCandidateBean(AbstractHandlerMethodMapping.java:265)
	at org.springframework.web.servlet.handler.AbstractHandlerMethodMapping.initHandlerMethods(AbstractHandlerMethodMapping.java:224)
	at org.springframework.web.servlet.handler.AbstractHandlerMethodMapping.afterPropertiesSet(AbstractHandlerMethodMapping.java:212)
	at org.springframework.web.servlet.mvc.method.annotation.RequestMappingHandlerMapping.afterPropertiesSet(RequestMappingHandlerMapping.java:237)
	at org.springframework.beans.factory.support.AbstractAutowireCapableBeanFactory.invokeInitMethods(AbstractAutowireCapableBeanFactory.java:1873)
	at org.springframework.beans.factory.support.AbstractAutowireCapableBeanFactory.initializeBean(AbstractAutowireCapableBeanFactory.java:1822)
	... 18 common frames omitted
